C:\USERS\ANNIE\DOCUMENTS\VISUAL STUDIO 2012\PROJECTS\RESERVATIONSYSTEM\RESERVATIONSYSTEM\DEBUG\MAIN.OBJ
C:\USERS\ANNIE\DOCUMENTS\VISUAL STUDIO 2012\PROJECTS\RESERVATIONSYSTEM\RESERVATIONSYSTEM\DEBUG\VC110.PDB
C:\USERS\ANNIE\DOCUMENTS\VISUAL STUDIO 2012\PROJECTS\RESERVATIONSYSTEM\DEBUG\RESERVATIONSYSTEM.ILK
C:\USERS\ANNIE\DOCUMENTS\VISUAL STUDIO 2012\PROJECTS\RESERVATIONSYSTEM\DEBUG\RESERVATIONSYSTEM.EXE
C:\USERS\ANNIE\DOCUMENTS\VISUAL STUDIO 2012\PROJECTS\RESERVATIONSYSTEM\DEBUG\RESERVATIONSYSTEM.PDB
c:\Users\annie\documents\visual studio 2012\Projects\ReservationSystem\ReservationSystem\Debug\main.obj
c:\Users\annie\documents\visual studio 2012\Projects\ReservationSystem\ReservationSystem\Debug\cl.command.1.tlog
c:\Users\annie\documents\visual studio 2012\Projects\ReservationSystem\ReservationSystem\Debug\CL.read.1.tlog
c:\Users\annie\documents\visual studio 2012\Projects\ReservationSystem\ReservationSystem\Debug\CL.write.1.tlog
c:\Users\annie\documents\visual studio 2012\Projects\ReservationSystem\ReservationSystem\Debug\link-cvtres.read.1.tlog
c:\Users\annie\documents\visual studio 2012\Projects\ReservationSystem\ReservationSystem\Debug\link-cvtres.write.1.tlog
c:\Users\annie\documents\visual studio 2012\Projects\ReservationSystem\ReservationSystem\Debug\link-rc.read.1.tlog
c:\Users\annie\documents\visual studio 2012\Projects\ReservationSystem\ReservationSystem\Debug\link-rc.write.1.tlog
c:\Users\annie\documents\visual studio 2012\Projects\ReservationSystem\ReservationSystem\Debug\link.command.1.tlog
c:\Users\annie\documents\visual studio 2012\Projects\ReservationSystem\ReservationSystem\Debug\link.read.1.tlog
c:\Users\annie\documents\visual studio 2012\Projects\ReservationSystem\ReservationSystem\Debug\link.write.1.tlog
c:\Users\annie\documents\visual studio 2012\Projects\ReservationSystem\ReservationSystem\Debug\vc110.idb
c:\Users\annie\documents\visual studio 2012\Projects\ReservationSystem\ReservationSystem\Debug\vc110.pdb
c:\users\annie\documents\visual studio 2012\Projects\ReservationSystem\Debug\ReservationSystem.pdb
c:\users\annie\documents\visual studio 2012\Projects\ReservationSystem\Debug\ReservationSystem.exe
c:\users\annie\documents\visual studio 2012\Projects\ReservationSystem\Debug\ReservationSystem.ilk
